<?xml version="1.0" encoding="UTF-8"?>
<!-- Generated by org.testng.reporters.JUnitReportReporter -->
<testsuite skipped="1" hostname="DESKTOP-0AG0V8V" name="com.testcases.LoginPageTest" tests="2" failures="0" timestamp="25 Feb 2020 12:54:42 GMT" time="51.523" errors="0">
  <testcase name="Login_Test" time="51.523" classname="com.testcases.LoginPageTest"/>
  <testcase name="verify_Valuechain_wesite_navigation_on_clicking_Valuechain_logo_Test" classname="com.testcases.LoginPageTest">
    <skipped/>
  </testcase> <!-- verify_Valuechain_wesite_navigation_on_clicking_Valuechain_logo_Test -->
</testsuite> <!-- com.testcases.LoginPageTest -->
