<?xml version="1.0" encoding="UTF-8"?>
<!-- Generated by org.testng.reporters.JUnitReportReporter -->
<testsuite skipped="3" hostname="DESKTOP-0AG0V8V" name="com.testcases.LoginPageTest" tests="4" failures="0" timestamp="22 Feb 2020 09:27:46 GMT" time="40.872" errors="0">
  <testcase name="Login_Test" time="40.872" classname="com.testcases.LoginPageTest"/>
  <testcase name="verify_Valuechain_wesite_navigation_on_clicking_Valuechain_logo_Test" classname="com.testcases.LoginPageTest">
    <skipped/>
  </testcase> <!-- verify_Valuechain_wesite_navigation_on_clicking_Valuechain_logo_Test -->
  <testcase name="Login_Test1" classname="com.testcases.LoginPageTest">
    <skipped/>
  </testcase> <!-- Login_Test1 -->
  <testcase name="LoginPage_Title_Test1" classname="com.testcases.LoginPageTest">
    <skipped/>
  </testcase> <!-- LoginPage_Title_Test1 -->
</testsuite> <!-- com.testcases.LoginPageTest -->
